p/raccoon-1.jpg 1 0 0 650 417
p/raccoon-10.jpg 1 0 0 450 495
p/raccoon-100.jpg 1 0 0 960 576
p/raccoon-101.jpg 1 0 0 640 426
p/raccoon-102.jpg 1 0 0 259 194
p/raccoon-103.jpg 1 0 0 480 640
p/raccoon-104.jpg 1 0 0 600 304
p/raccoon-105.jpg 1 0 0 720 960
p/raccoon-106.jpg 1 0 0 269 187
p/raccoon-107.jpg 1 0 0 500 622
p/raccoon-108.jpg 1 0 0 604 481
p/raccoon-109.jpg 1 0 0 192 259
p/raccoon-11.jpg 1 0 0 660 432
p/raccoon-110.jpg 1 0 0 184 274
p/raccoon-111.jpg 1 0 0 768 960
p/raccoon-112.jpg 1 0 0 800 574
p/raccoon-113.jpg 1 0 0 640 480
p/raccoon-114.jpg 1 0 0 625 418
p/raccoon-115.jpg 1 0 0 426 640
p/raccoon-116.jpg 1 0 0 660 432
p/raccoon-117.jpg 1 0 0 640 448
p/raccoon-118.jpg 1 0 0 448 297
p/raccoon-119.jpg 1 0 0 400 533
p/raccoon-12.jpg 1 0 0 259 194
p/raccoon-120.jpg 1 0 0 660 371
p/raccoon-121.jpg 1 0 0 600 399
p/raccoon-122.jpg 1 0 0 178 283
p/raccoon-123.jpg 1 0 0 640 406
p/raccoon-124.jpg 1 0 0 259 194
p/raccoon-125.jpg 1 0 0 259 195
p/raccoon-126.jpg 1 0 0 255 197
p/raccoon-127.jpg 1 0 0 253 199
p/raccoon-128.jpg 1 0 0 259 194
p/raccoon-129.jpg 1 0 0 639 315
p/raccoon-13.jpg 1 0 0 660 495
p/raccoon-130.jpg 1 0 0 640 426
p/raccoon-131.jpg 1 0 0 259 194
p/raccoon-132.jpg 1 0 0 259 194
p/raccoon-133.jpg 1 0 0 490 640
p/raccoon-134.jpg 1 0 0 225 225
p/raccoon-135.jpg 1 0 0 640 426
p/raccoon-136.jpg 1 0 0 256 197
p/raccoon-137.jpg 1 0 0 320 240
p/raccoon-138.jpg 1 0 0 259 194
p/raccoon-139.jpg 1 0 0 259 194
p/raccoon-14.jpg 1 0 0 900 484
p/raccoon-140.jpg 1 0 0 204 247
p/raccoon-141.jpg 1 0 0 249 202
p/raccoon-142.jpg 1 0 0 1024 768
p/raccoon-143.jpg 1 0 0 259 194
p/raccoon-144.jpg 1 0 0 570 390
p/raccoon-145.jpg 1 0 0 600 450
p/raccoon-146.jpg 1 0 0 275 183
p/raccoon-147.jpg 1 0 0 426 640
p/raccoon-148.jpg 1 0 0 500 375
p/raccoon-149.jpg 1 0 0 500 375
p/raccoon-15.jpg 1 0 0 640 360
p/raccoon-150.jpg 1 0 0 275 183
p/raccoon-151.jpg 1 0 0 225 225
p/raccoon-152.jpg 1 0 0 275 183
p/raccoon-153.jpg 1 0 0 700 700
p/raccoon-154.jpg 1 0 0 650 419
p/raccoon-155.jpg 1 0 0 259 194
p/raccoon-156.jpg 1 0 0 201 251
p/raccoon-157.jpg 1 0 0 220 229
p/raccoon-158.jpg 1 0 0 275 183
p/raccoon-159.jpg 1 0 0 226 223
p/raccoon-16.jpg 1 0 0 424 640
p/raccoon-160.jpg 1 0 0 256 197
p/raccoon-161.jpg 1 0 0 500 347
p/raccoon-162.jpg 1 0 0 259 194
p/raccoon-163.jpg 1 0 0 248 203
p/raccoon-164.jpg 1 0 0 274 184
p/raccoon-165.jpg 1 0 0 199 253
p/raccoon-166.jpg 1 0 0 328 154
p/raccoon-167.jpg 1 0 0 259 195
p/raccoon-168.jpg 1 0 0 628 314
p/raccoon-169.jpg 1 0 0 615 409
p/raccoon-17.jpg 1 0 0 259 194
p/raccoon-170.jpg 1 0 0 259 194
p/raccoon-171.jpg 1 0 0 224 225
p/raccoon-172.jpg 1 0 0 615 346
p/raccoon-173.jpg 1 0 0 550 388
p/raccoon-174.jpg 1 0 0 960 639
p/raccoon-175.jpg 1 0 0 634 381
p/raccoon-176.jpg 1 0 0 800 533
p/raccoon-177.jpg 1 0 0 276 183
p/raccoon-178.jpg 1 0 0 275 183
p/raccoon-179.jpg 1 0 0 600 450
p/raccoon-18.jpg 1 0 0 240 156
p/raccoon-180.jpg 1 0 0 600 400
p/raccoon-181.jpg 1 0 0 750 422
p/raccoon-182.jpg 1 0 0 500 500
p/raccoon-183.jpg 1 0 0 2000 1333
p/raccoon-184.jpg 1 0 0 640 640
p/raccoon-185.jpg 1 0 0 275 183
p/raccoon-186.jpg 1 0 0 640 428
p/raccoon-187.jpg 1 0 0 362 357
p/raccoon-188.jpg 1 0 0 460 379
p/raccoon-189.jpg 1 0 0 600 450
p/raccoon-19.jpg 1 0 0 259 194
p/raccoon-190.jpg 1 0 0 259 194
p/raccoon-191.jpg 1 0 0 634 445
p/raccoon-192.jpg 1 0 0 510 325
p/raccoon-193.jpg 1 0 0 634 852
p/raccoon-194.jpg 1 0 0 1080 1080
p/raccoon-195.jpg 1 0 0 225 225
p/raccoon-196.jpg 1 0 0 233 216
p/raccoon-197.jpg 1 0 0 1280 720
p/raccoon-198.jpg 1 0 0 259 194
p/raccoon-199.jpg 1 0 0 640 428
p/raccoon-2.jpg 1 0 0 800 573
p/raccoon-20.jpg 1 0 0 720 540
p/raccoon-200.jpg 1 0 0 261 193
p/raccoon-21.jpg 1 0 0 290 174
p/raccoon-22.jpg 1 0 0 640 360
p/raccoon-23.jpg 1 0 0 259 194
p/raccoon-24.jpg 1 0 0 268 188
p/raccoon-25.jpg 1 0 0 634 641
p/raccoon-26.jpg 1 0 0 306 374
p/raccoon-27.jpg 1 0 0 602 401
p/raccoon-28.jpg 1 0 0 602 452
p/raccoon-29.jpg 1 0 0 275 183
p/raccoon-3.jpg 1 0 0 720 480
p/raccoon-30.jpg 1 0 0 266 190
p/raccoon-31.jpg 1 0 0 236 214
p/raccoon-32.jpg 1 0 0 625 415
p/raccoon-33.jpg 1 0 0 602 843
p/raccoon-34.jpg 1 0 0 259 194
p/raccoon-35.jpg 1 0 0 275 183
p/raccoon-36.jpg 1 0 0 640 428
p/raccoon-37.jpg 1 0 0 520 593
p/raccoon-38.jpg 1 0 0 259 194
p/raccoon-39.jpg 1 0 0 250 172
p/raccoon-4.jpg 1 0 0 275 183
p/raccoon-40.jpg 1 0 0 480 360
p/raccoon-41.jpg 1 0 0 700 500
p/raccoon-42.jpg 1 0 0 577 1024
p/raccoon-43.jpg 1 0 0 480 360
p/raccoon-44.jpg 1 0 0 300 168
p/raccoon-45.jpg 1 0 0 620 372
p/raccoon-46.jpg 1 0 0 576 318
p/raccoon-47.jpg 1 0 0 262 193
p/raccoon-48.jpg 1 0 0 261 193
p/raccoon-49.jpg 1 0 0 640 395
p/raccoon-5.jpg 1 0 0 270 187
p/raccoon-50.jpg 1 0 0 275 183
p/raccoon-51.jpg 1 0 0 800 599
p/raccoon-52.jpg 1 0 0 800 533
p/raccoon-53.jpg 1 0 0 259 194
p/raccoon-54.jpg 1 0 0 602 339
p/raccoon-55.jpg 1 0 0 634 417
p/raccoon-56.jpg 1 0 0 240 210
p/raccoon-57.jpg 1 0 0 640 425
p/raccoon-58.jpg 1 0 0 224 225
p/raccoon-59.jpg 1 0 0 600 600
p/raccoon-6.jpg 1 0 0 480 360
p/raccoon-60.jpg 1 0 0 273 185
p/raccoon-61.jpg 1 0 0 274 184
p/raccoon-62.jpg 1 0 0 640 407
p/raccoon-63.jpg 1 0 0 600 400
p/raccoon-64.jpg 1 0 0 259 194
p/raccoon-65.jpg 1 0 0 480 360
p/raccoon-66.jpg 1 0 0 860 484
p/raccoon-67.jpg 1 0 0 272 185
p/raccoon-68.jpg 1 0 0 640 423
p/raccoon-69.jpg 1 0 0 205 246
p/raccoon-7.jpg 1 0 0 410 308
p/raccoon-70.jpg 1 0 0 500 375
p/raccoon-71.jpg 1 0 0 640 426
p/raccoon-72.jpg 1 0 0 560 420
p/raccoon-73.jpg 1 0 0 284 177
p/raccoon-74.jpg 1 0 0 800 533
p/raccoon-75.jpg 1 0 0 640 640
p/raccoon-76.jpg 1 0 0 225 225
p/raccoon-77.jpg 1 0 0 640 360
p/raccoon-78.jpg 1 0 0 223 226
p/raccoon-79.jpg 1 0 0 640 425
p/raccoon-8.jpg 1 0 0 259 194
p/raccoon-80.jpg 1 0 0 225 225
p/raccoon-81.jpg 1 0 0 600 450
p/raccoon-82.jpg 1 0 0 750 500
p/raccoon-83.jpg 1 0 0 660 371
p/raccoon-84.jpg 1 0 0 303 166
p/raccoon-85.jpg 1 0 0 620 465
p/raccoon-86.jpg 1 0 0 600 401
p/raccoon-87.jpg 1 0 0 256 197
p/raccoon-88.jpg 1 0 0 640 480
p/raccoon-89.jpg 1 0 0 259 194
p/raccoon-9.jpg 1 0 0 347 510
p/raccoon-90.jpg 1 0 0 640 426
p/raccoon-91.jpg 1 0 0 236 314
p/raccoon-92.jpg 1 0 0 960 640
p/raccoon-93.jpg 1 0 0 251 201
p/raccoon-94.jpg 1 0 0 700 467
p/raccoon-95.jpg 1 0 0 320 400
p/raccoon-96.jpg 1 0 0 230 219
p/raccoon-97.jpg 1 0 0 500 393
p/raccoon-98.jpg 1 0 0 480 360
p/raccoon-99.jpg 1 0 0 252 228